<?xml version="1.0" encoding="UTF-8"?>
<!-- Generated by org.testng.reporters.JUnitXMLReporter -->
<testsuite ignored="0" hostname="LATITUDE" failures="0" tests="5" name="Test2" time="0.044" errors="0" timestamp="2025-03-25T09:04:57 IST">
  <testcase classname="pack1.Class_2" name="m4" time="0.002"/>
  <testcase classname="pack1.Class_2" name="m5" time="0.002"/>
  <testcase classname="pack1.Class_1" name="m3" time="0.001"/>
  <testcase classname="pack1.Class_1" name="m2" time="0.001"/>
  <testcase classname="pack1.Class_1" name="m1" time="0.002"/>
</testsuite> <!-- Test2 -->
