<?xml version="1.0" encoding="UTF-8"?>
<!-- Generated by org.testng.reporters.JUnitXMLReporter -->
<testsuite ignored="3" hostname="LATITUDE" failures="1" tests="5" name="Test1" time="0.15" errors="0" timestamp="2025-04-11T07:23:16 IST">
  <testcase classname="pack1.Class_2" name="m6" time="0.01"/>
  <testcase classname="pack1.Class_2" name="m5" time="0.011">
    <failure type="java.lang.AssertionError" message="null">
      <![CDATA[java.lang.AssertionError: null
at pack1.Class_2.m5(Class_2.java:45)
at java.base/java.util.ArrayList.forEach(ArrayList.java:1596)
... Removed 27 stack frames]]>
    </failure>
  </testcase> <!-- m5 -->
  <testcase classname="pack1.Class_2" name="m7" time="0.004"/>
  <testcase classname="pack1.Class_2" name="m8" time="0.003"/>
  <testcase classname="pack1.Class_1" name="m3" time="0.003"/>
  <testcase classname="pack1.Class_2" name="m4" time="0.0">
    <ignored/>
  </testcase> <!-- m4 -->
  <testcase classname="pack1.Class_1" name="m2" time="0.0">
    <ignored/>
  </testcase> <!-- m2 -->
  <testcase classname="pack1.Class_1" name="m1" time="0.0">
    <ignored/>
  </testcase> <!-- m1 -->
</testsuite> <!-- Test1 -->
