<?xml version="1.0" encoding="UTF-8"?>
<!-- Generated by org.testng.reporters.JUnitXMLReporter -->
<testsuite ignored="4" hostname="LATITUDE" failures="0" tests="4" name="Testometer" time="0.071" errors="0" timestamp="2025-03-27T07:46:43 IST">
  <testcase classname="pack1.Class_1" name="m2" time="0.007"/>
  <testcase classname="pack1.Class_1" name="m1" time="0.001"/>
  <testcase classname="pack1.Class_2" name="m5" time="0.001"/>
  <testcase classname="pack1.Class_2" name="m7" time="0.003"/>
  <testcase classname="pack1.Class_2" name="m4" time="0.0">
    <ignored/>
  </testcase> <!-- m4 -->
  <testcase classname="pack1.Class_2" name="m8" time="0.0">
    <ignored/>
  </testcase> <!-- m8 -->
  <testcase classname="pack1.Class_1" name="m3" time="0.0">
    <ignored/>
  </testcase> <!-- m3 -->
  <testcase classname="pack1.Class_2" name="m6" time="0.0">
    <ignored/>
  </testcase> <!-- m6 -->
</testsuite> <!-- Testometer -->
