<?xml version="1.0" encoding="UTF-8"?>
<testng-results ignored="0" total="1" passed="1" failed="0" skipped="0">
  <reporter-output>
  </reporter-output>
  <suite started-at="2025-03-31T09:00:43 IST" name="Default suite" finished-at="2025-03-31T09:01:13 IST" duration-ms="30516">
    <groups>
    </groups>
    <test started-at="2025-03-31T09:00:43 IST" name="Default test" finished-at="2025-03-31T09:01:13 IST" duration-ms="30516">
      <class name="testSuites.ChangePasswordTestSuite">
        <test-method is-config="true" signature="launchBrowser()[pri:0, instance:testSuites.ChangePasswordTestSuite@24aed80c]" started-at="2025-03-31T09:00:37 IST" name="launchBrowser" finished-at="2025-03-31T09:00:43 IST" duration-ms="6091" status="PASS">
          <reporter-output>
          </reporter-output>
        </test-method> <!-- launchBrowser -->
        <test-method is-config="true" signature="login()[pri:0, instance:testSuites.ChangePasswordTestSuite@24aed80c]" started-at="2025-03-31T09:00:43 IST" name="login" finished-at="2025-03-31T09:00:47 IST" duration-ms="3697" status="PASS">
          <reporter-output>
          </reporter-output>
        </test-method> <!-- login -->
        <test-method signature="tc123_ChangePasswordTest()[pri:0, instance:testSuites.ChangePasswordTestSuite@24aed80c]" started-at="2025-03-31T09:00:47 IST" name="tc123_ChangePasswordTest" finished-at="2025-03-31T09:01:12 IST" duration-ms="24928" status="PASS">
          <reporter-output>
          </reporter-output>
        </test-method> <!-- tc123_ChangePasswordTest -->
        <test-method is-config="true" signature="logout()[pri:0, instance:testSuites.ChangePasswordTestSuite@24aed80c]" started-at="2025-03-31T09:01:12 IST" name="logout" finished-at="2025-03-31T09:01:13 IST" duration-ms="1809" status="PASS">
          <reporter-output>
          </reporter-output>
        </test-method> <!-- logout -->
        <test-method is-config="true" signature="closeBrowser()[pri:0, instance:testSuites.ChangePasswordTestSuite@24aed80c]" started-at="2025-03-31T09:01:14 IST" name="closeBrowser" finished-at="2025-03-31T09:01:14 IST" duration-ms="435" status="PASS">
          <reporter-output>
          </reporter-output>
        </test-method> <!-- closeBrowser -->
      </class> <!-- testSuites.ChangePasswordTestSuite -->
    </test> <!-- Default test -->
  </suite> <!-- Default suite -->
</testng-results>
