<?xml version="1.0" encoding="UTF-8"?>
<testng-results ignored="0" total="2" passed="2" failed="0" skipped="0">
  <reporter-output>
  </reporter-output>
  <suite started-at="2025-04-11T07:57:08 IST" name="Suite" finished-at="2025-04-11T07:57:14 IST" duration-ms="5169">
    <groups>
    </groups>
    <test started-at="2025-04-11T07:57:08 IST" name="Test" finished-at="2025-04-11T07:57:14 IST" duration-ms="5169">
      <class name="pack1.Parallel_Selenium1">
        <test-method signature="testCase2()[pri:0, instance:pack1.Parallel_Selenium1@3c46e67a]" started-at="2025-04-11T07:57:09 IST" name="testCase2" finished-at="2025-04-11T07:57:13 IST" duration-ms="4838" status="PASS">
          <reporter-output>
          </reporter-output>
        </test-method> <!-- testCase2 -->
        <test-method signature="testCase1()[pri:0, instance:pack1.Parallel_Selenium1@3c46e67a]" started-at="2025-04-11T07:57:09 IST" name="testCase1" finished-at="2025-04-11T07:57:14 IST" duration-ms="5093" status="PASS">
          <reporter-output>
          </reporter-output>
        </test-method> <!-- testCase1 -->
      </class> <!-- pack1.Parallel_Selenium1 -->
    </test> <!-- Test -->
  </suite> <!-- Suite -->
</testng-results>
