<?xml version="1.0" encoding="UTF-8"?>
<testng-results ignored="0" total="10" passed="10" failed="0" skipped="0">
  <reporter-output>
  </reporter-output>
  <suite started-at="2025-03-25T09:04:57 IST" name="Suite" finished-at="2025-03-25T09:04:57 IST" duration-ms="297">
    <groups>
    </groups>
    <test started-at="2025-03-25T09:04:57 IST" name="Test1" finished-at="2025-03-25T09:04:57 IST" duration-ms="125">
      <class name="pack1.Class_2">
        <test-method is-config="true" signature="beforeTest()[pri:0, instance:pack1.Class_2@4802796d]" started-at="2025-03-25T09:04:57 IST" name="beforeTest" finished-at="2025-03-25T09:04:57 IST" duration-ms="0" status="PASS">
          <reporter-output>
          </reporter-output>
        </test-method> <!-- beforeTest -->
        <test-method is-config="true" signature="beforeClass()[pri:0, instance:pack1.Class_2@4802796d]" started-at="2025-03-25T09:04:57 IST" name="beforeClass" finished-at="2025-03-25T09:04:57 IST" duration-ms="1" status="PASS">
          <reporter-output>
          </reporter-output>
        </test-method> <!-- beforeClass -->
        <test-method signature="m4()[pri:0, instance:pack1.Class_2@4802796d]" started-at="2025-03-25T09:04:57 IST" name="m4" finished-at="2025-03-25T09:04:57 IST" duration-ms="13" status="PASS">
          <reporter-output>
          </reporter-output>
        </test-method> <!-- m4 -->
        <test-method is-config="true" signature="afterMethod()[pri:0, instance:pack1.Class_2@4802796d]" started-at="2025-03-25T09:04:57 IST" name="afterMethod" finished-at="2025-03-25T09:04:57 IST" duration-ms="1" status="PASS">
          <reporter-output>
          </reporter-output>
        </test-method> <!-- afterMethod -->
        <test-method signature="m5()[pri:0, instance:pack1.Class_2@4802796d]" started-at="2025-03-25T09:04:57 IST" name="m5" finished-at="2025-03-25T09:04:57 IST" duration-ms="2" status="PASS">
          <reporter-output>
          </reporter-output>
        </test-method> <!-- m5 -->
        <test-method is-config="true" signature="afterMethod()[pri:0, instance:pack1.Class_2@4802796d]" started-at="2025-03-25T09:04:57 IST" name="afterMethod" finished-at="2025-03-25T09:04:57 IST" duration-ms="1" status="PASS">
          <reporter-output>
          </reporter-output>
        </test-method> <!-- afterMethod -->
        <test-method is-config="true" signature="afterClass()[pri:0, instance:pack1.Class_2@4802796d]" started-at="2025-03-25T09:04:57 IST" name="afterClass" finished-at="2025-03-25T09:04:57 IST" duration-ms="1" status="PASS">
          <reporter-output>
          </reporter-output>
        </test-method> <!-- afterClass -->
      </class> <!-- pack1.Class_2 -->
      <class name="pack1.Class_1">
        <test-method is-config="true" signature="beforeClass()[pri:0, instance:pack1.Class_1@78691363]" started-at="2025-03-25T09:04:57 IST" name="beforeClass" finished-at="2025-03-25T09:04:57 IST" duration-ms="1" status="PASS">
          <reporter-output>
          </reporter-output>
        </test-method> <!-- beforeClass -->
        <test-method is-config="true" signature="beforeMethod()[pri:0, instance:pack1.Class_1@78691363]" started-at="2025-03-25T09:04:57 IST" name="beforeMethod" finished-at="2025-03-25T09:04:57 IST" duration-ms="2" status="PASS">
          <reporter-output>
          </reporter-output>
        </test-method> <!-- beforeMethod -->
        <test-method signature="m3()[pri:-2, instance:pack1.Class_1@78691363]" started-at="2025-03-25T09:04:57 IST" name="m3" finished-at="2025-03-25T09:04:57 IST" duration-ms="2" status="PASS">
          <reporter-output>
          </reporter-output>
        </test-method> <!-- m3 -->
        <test-method is-config="true" signature="afterMethod()[pri:0, instance:pack1.Class_1@78691363]" started-at="2025-03-25T09:04:57 IST" name="afterMethod" finished-at="2025-03-25T09:04:57 IST" duration-ms="1" status="PASS">
          <reporter-output>
          </reporter-output>
        </test-method> <!-- afterMethod -->
        <test-method is-config="true" signature="beforeMethod()[pri:0, instance:pack1.Class_1@78691363]" started-at="2025-03-25T09:04:57 IST" name="beforeMethod" finished-at="2025-03-25T09:04:57 IST" duration-ms="1" status="PASS">
          <reporter-output>
          </reporter-output>
        </test-method> <!-- beforeMethod -->
        <test-method signature="m2()[pri:0, instance:pack1.Class_1@78691363]" started-at="2025-03-25T09:04:57 IST" name="m2" finished-at="2025-03-25T09:04:57 IST" duration-ms="1" status="PASS">
          <reporter-output>
          </reporter-output>
        </test-method> <!-- m2 -->
        <test-method is-config="true" signature="afterMethod()[pri:0, instance:pack1.Class_1@78691363]" started-at="2025-03-25T09:04:57 IST" name="afterMethod" finished-at="2025-03-25T09:04:57 IST" duration-ms="1" status="PASS">
          <reporter-output>
          </reporter-output>
        </test-method> <!-- afterMethod -->
        <test-method is-config="true" signature="beforeMethod()[pri:0, instance:pack1.Class_1@78691363]" started-at="2025-03-25T09:04:57 IST" name="beforeMethod" finished-at="2025-03-25T09:04:57 IST" duration-ms="1" status="PASS">
          <reporter-output>
          </reporter-output>
        </test-method> <!-- beforeMethod -->
        <test-method signature="m1()[pri:20, instance:pack1.Class_1@78691363]" started-at="2025-03-25T09:04:57 IST" name="m1" finished-at="2025-03-25T09:04:57 IST" duration-ms="2" status="PASS">
          <reporter-output>
          </reporter-output>
        </test-method> <!-- m1 -->
        <test-method is-config="true" signature="afterMethod()[pri:0, instance:pack1.Class_1@78691363]" started-at="2025-03-25T09:04:57 IST" name="afterMethod" finished-at="2025-03-25T09:04:57 IST" duration-ms="1" status="PASS">
          <reporter-output>
          </reporter-output>
        </test-method> <!-- afterMethod -->
        <test-method is-config="true" signature="afterClass()[pri:0, instance:pack1.Class_1@78691363]" started-at="2025-03-25T09:04:57 IST" name="afterClass" finished-at="2025-03-25T09:04:57 IST" duration-ms="1" status="PASS">
          <reporter-output>
          </reporter-output>
        </test-method> <!-- afterClass -->
        <test-method is-config="true" signature="afterTest()[pri:0, instance:pack1.Class_1@78691363]" started-at="2025-03-25T09:04:57 IST" name="afterTest" finished-at="2025-03-25T09:04:57 IST" duration-ms="2" status="PASS">
          <reporter-output>
          </reporter-output>
        </test-method> <!-- afterTest -->
      </class> <!-- pack1.Class_1 -->
    </test> <!-- Test1 -->
    <test started-at="2025-03-25T09:04:57 IST" name="Test2" finished-at="2025-03-25T09:04:57 IST" duration-ms="44">
      <class name="pack1.Class_2">
        <test-method is-config="true" signature="BeforeSuite()[pri:0, instance:pack1.Class_2@3eb25e1a]" started-at="2025-03-25T09:04:57 IST" name="BeforeSuite" finished-at="2025-03-25T09:04:57 IST" duration-ms="22" status="PASS">
          <reporter-output>
          </reporter-output>
        </test-method> <!-- BeforeSuite -->
        <test-method is-config="true" signature="beforeTest()[pri:0, instance:pack1.Class_2@3eb25e1a]" started-at="2025-03-25T09:04:57 IST" name="beforeTest" finished-at="2025-03-25T09:04:57 IST" duration-ms="0" status="PASS">
          <reporter-output>
          </reporter-output>
        </test-method> <!-- beforeTest -->
        <test-method is-config="true" signature="beforeClass()[pri:0, instance:pack1.Class_2@3eb25e1a]" started-at="2025-03-25T09:04:57 IST" name="beforeClass" finished-at="2025-03-25T09:04:57 IST" duration-ms="1" status="PASS">
          <reporter-output>
          </reporter-output>
        </test-method> <!-- beforeClass -->
        <test-method signature="m4()[pri:0, instance:pack1.Class_2@3eb25e1a]" started-at="2025-03-25T09:04:57 IST" name="m4" finished-at="2025-03-25T09:04:57 IST" duration-ms="2" status="PASS">
          <reporter-output>
          </reporter-output>
        </test-method> <!-- m4 -->
        <test-method is-config="true" signature="afterMethod()[pri:0, instance:pack1.Class_2@3eb25e1a]" started-at="2025-03-25T09:04:57 IST" name="afterMethod" finished-at="2025-03-25T09:04:57 IST" duration-ms="1" status="PASS">
          <reporter-output>
          </reporter-output>
        </test-method> <!-- afterMethod -->
        <test-method signature="m5()[pri:0, instance:pack1.Class_2@3eb25e1a]" started-at="2025-03-25T09:04:57 IST" name="m5" finished-at="2025-03-25T09:04:57 IST" duration-ms="2" status="PASS">
          <reporter-output>
          </reporter-output>
        </test-method> <!-- m5 -->
        <test-method is-config="true" signature="afterMethod()[pri:0, instance:pack1.Class_2@3eb25e1a]" started-at="2025-03-25T09:04:57 IST" name="afterMethod" finished-at="2025-03-25T09:04:57 IST" duration-ms="0" status="PASS">
          <reporter-output>
          </reporter-output>
        </test-method> <!-- afterMethod -->
        <test-method is-config="true" signature="afterClass()[pri:0, instance:pack1.Class_2@3eb25e1a]" started-at="2025-03-25T09:04:57 IST" name="afterClass" finished-at="2025-03-25T09:04:57 IST" duration-ms="1" status="PASS">
          <reporter-output>
          </reporter-output>
        </test-method> <!-- afterClass -->
      </class> <!-- pack1.Class_2 -->
      <class name="pack1.Class_1">
        <test-method is-config="true" signature="beforeClass()[pri:0, instance:pack1.Class_1@477b4cdf]" started-at="2025-03-25T09:04:57 IST" name="beforeClass" finished-at="2025-03-25T09:04:57 IST" duration-ms="1" status="PASS">
          <reporter-output>
          </reporter-output>
        </test-method> <!-- beforeClass -->
        <test-method is-config="true" signature="beforeMethod()[pri:0, instance:pack1.Class_1@477b4cdf]" started-at="2025-03-25T09:04:57 IST" name="beforeMethod" finished-at="2025-03-25T09:04:57 IST" duration-ms="0" status="PASS">
          <reporter-output>
          </reporter-output>
        </test-method> <!-- beforeMethod -->
        <test-method signature="m3()[pri:-2, instance:pack1.Class_1@477b4cdf]" started-at="2025-03-25T09:04:57 IST" name="m3" finished-at="2025-03-25T09:04:57 IST" duration-ms="1" status="PASS">
          <reporter-output>
          </reporter-output>
        </test-method> <!-- m3 -->
        <test-method is-config="true" signature="afterMethod()[pri:0, instance:pack1.Class_1@477b4cdf]" started-at="2025-03-25T09:04:57 IST" name="afterMethod" finished-at="2025-03-25T09:04:57 IST" duration-ms="1" status="PASS">
          <reporter-output>
          </reporter-output>
        </test-method> <!-- afterMethod -->
        <test-method is-config="true" signature="beforeMethod()[pri:0, instance:pack1.Class_1@477b4cdf]" started-at="2025-03-25T09:04:57 IST" name="beforeMethod" finished-at="2025-03-25T09:04:57 IST" duration-ms="2" status="PASS">
          <reporter-output>
          </reporter-output>
        </test-method> <!-- beforeMethod -->
        <test-method signature="m2()[pri:0, instance:pack1.Class_1@477b4cdf]" started-at="2025-03-25T09:04:57 IST" name="m2" finished-at="2025-03-25T09:04:57 IST" duration-ms="1" status="PASS">
          <reporter-output>
          </reporter-output>
        </test-method> <!-- m2 -->
        <test-method is-config="true" signature="afterMethod()[pri:0, instance:pack1.Class_1@477b4cdf]" started-at="2025-03-25T09:04:57 IST" name="afterMethod" finished-at="2025-03-25T09:04:57 IST" duration-ms="3" status="PASS">
          <reporter-output>
          </reporter-output>
        </test-method> <!-- afterMethod -->
        <test-method is-config="true" signature="beforeMethod()[pri:0, instance:pack1.Class_1@477b4cdf]" started-at="2025-03-25T09:04:57 IST" name="beforeMethod" finished-at="2025-03-25T09:04:57 IST" duration-ms="1" status="PASS">
          <reporter-output>
          </reporter-output>
        </test-method> <!-- beforeMethod -->
        <test-method signature="m1()[pri:20, instance:pack1.Class_1@477b4cdf]" started-at="2025-03-25T09:04:57 IST" name="m1" finished-at="2025-03-25T09:04:57 IST" duration-ms="2" status="PASS">
          <reporter-output>
          </reporter-output>
        </test-method> <!-- m1 -->
        <test-method is-config="true" signature="afterMethod()[pri:0, instance:pack1.Class_1@477b4cdf]" started-at="2025-03-25T09:04:57 IST" name="afterMethod" finished-at="2025-03-25T09:04:57 IST" duration-ms="2" status="PASS">
          <reporter-output>
          </reporter-output>
        </test-method> <!-- afterMethod -->
        <test-method is-config="true" signature="afterClass()[pri:0, instance:pack1.Class_1@477b4cdf]" started-at="2025-03-25T09:04:57 IST" name="afterClass" finished-at="2025-03-25T09:04:57 IST" duration-ms="1" status="PASS">
          <reporter-output>
          </reporter-output>
        </test-method> <!-- afterClass -->
        <test-method is-config="true" signature="afterTest()[pri:0, instance:pack1.Class_1@477b4cdf]" started-at="2025-03-25T09:04:57 IST" name="afterTest" finished-at="2025-03-25T09:04:57 IST" duration-ms="0" status="PASS">
          <reporter-output>
          </reporter-output>
        </test-method> <!-- afterTest -->
        <test-method is-config="true" signature="AfterSuite()[pri:0, instance:pack1.Class_1@477b4cdf]" started-at="2025-03-25T09:04:57 IST" name="AfterSuite" finished-at="2025-03-25T09:04:57 IST" duration-ms="1" status="PASS">
          <reporter-output>
          </reporter-output>
        </test-method> <!-- AfterSuite -->
      </class> <!-- pack1.Class_1 -->
    </test> <!-- Test2 -->
  </suite> <!-- Suite -->
</testng-results>
