<?xml version="1.0" encoding="UTF-8"?>
<testng-results ignored="0" total="3" passed="3" failed="0" skipped="0">
  <reporter-output>
  </reporter-output>
  <suite started-at="2025-03-25T07:21:13 IST" name="Default suite" finished-at="2025-03-25T07:21:13 IST" duration-ms="47">
    <groups>
    </groups>
    <test started-at="2025-03-25T07:21:13 IST" name="Default test" finished-at="2025-03-25T07:21:13 IST" duration-ms="47">
      <class name="pack1.Test1">
        <test-method signature="b1()[pri:3, instance:pack1.Test1@7c7a06ec]" started-at="2025-03-25T07:21:13 IST" name="b1" finished-at="2025-03-25T07:21:13 IST" duration-ms="7" status="PASS">
          <reporter-output>
          </reporter-output>
        </test-method> <!-- b1 -->
        <test-method signature="c1()[pri:3, instance:pack1.Test1@7c7a06ec]" started-at="2025-03-25T07:21:13 IST" name="c1" finished-at="2025-03-25T07:21:13 IST" duration-ms="1" status="PASS">
          <reporter-output>
          </reporter-output>
        </test-method> <!-- c1 -->
        <test-method signature="a1()[pri:13, instance:pack1.Test1@7c7a06ec]" started-at="2025-03-25T07:21:13 IST" name="a1" finished-at="2025-03-25T07:21:13 IST" duration-ms="2" status="PASS">
          <reporter-output>
          </reporter-output>
        </test-method> <!-- a1 -->
      </class> <!-- pack1.Test1 -->
    </test> <!-- Default test -->
  </suite> <!-- Default suite -->
</testng-results>
