<?xml version="1.0" encoding="UTF-8"?>
<!-- Generated by org.testng.reporters.JUnitXMLReporter -->
<testsuite ignored="6" hostname="LATITUDE" failures="2" tests="2" name="Test1(failed)" time="0.11" errors="0" timestamp="2025-03-26T08:51:42 IST">
  <testcase classname="pack1.Class_1" name="m3" time="0.017">
    <failure type="java.lang.AssertionError" message="null">
      <![CDATA[java.lang.AssertionError: null
at pack1.Class_1.m3(Class_1.java:64)
at java.base/java.util.ArrayList.forEach(ArrayList.java:1596)
... Removed 27 stack frames]]>
    </failure>
  </testcase> <!-- m3 -->
  <testcase classname="pack1.Class_2" name="m6" time="0.003">
    <failure type="java.lang.AssertionError" message="null">
      <![CDATA[java.lang.AssertionError: null
at pack1.Class_2.m6(Class_2.java:52)
at java.base/java.util.ArrayList.forEach(ArrayList.java:1596)
... Removed 27 stack frames]]>
    </failure>
  </testcase> <!-- m6 -->
  <testcase classname="pack1.Class_2" name="m5" time="0.0">
    <ignored/>
  </testcase> <!-- m5 -->
  <testcase classname="pack1.Class_2" name="m7" time="0.0">
    <ignored/>
  </testcase> <!-- m7 -->
  <testcase classname="pack1.Class_2" name="m8" time="0.0">
    <ignored/>
  </testcase> <!-- m8 -->
  <testcase classname="pack1.Class_1" name="m1" time="0.0">
    <ignored/>
  </testcase> <!-- m1 -->
  <testcase classname="pack1.Class_1" name="m2" time="0.0">
    <ignored/>
  </testcase> <!-- m2 -->
  <testcase classname="pack1.Class_2" name="m4" time="0.0">
    <ignored/>
  </testcase> <!-- m4 -->
</testsuite> <!-- Test1(failed) -->
