<?xml version="1.0" encoding="UTF-8"?>
<testng-results ignored="0" total="1" passed="1" failed="0" skipped="0">
  <reporter-output>
  </reporter-output>
  <suite started-at="2025-04-03T08:39:40 IST" name="Suite" finished-at="2025-04-03T08:39:54 IST" duration-ms="14103">
    <groups>
    </groups>
    <test started-at="2025-04-03T08:39:40 IST" name="Test" finished-at="2025-04-03T08:39:54 IST" duration-ms="14103">
      <class name="testSuites.ChangePasswordTestSuite">
        <test-method is-config="true" signature="launchBrowser()[pri:0, instance:testSuites.ChangePasswordTestSuite@6ed3ccb2]" started-at="2025-04-03T08:39:36 IST" name="launchBrowser" finished-at="2025-04-03T08:39:40 IST" duration-ms="3834" status="PASS">
          <reporter-output>
          </reporter-output>
        </test-method> <!-- launchBrowser -->
        <test-method is-config="true" signature="login()[pri:0, instance:testSuites.ChangePasswordTestSuite@6ed3ccb2]" started-at="2025-04-03T08:39:40 IST" name="login" finished-at="2025-04-03T08:39:40 IST" duration-ms="2" status="PASS">
          <reporter-output>
          </reporter-output>
        </test-method> <!-- login -->
        <test-method signature="tc123_ChangePasswordTest()[pri:0, instance:testSuites.ChangePasswordTestSuite@6ed3ccb2]" started-at="2025-04-03T08:39:40 IST" name="tc123_ChangePasswordTest" finished-at="2025-04-03T08:39:53 IST" duration-ms="13422" status="PASS">
          <reporter-output>
          </reporter-output>
        </test-method> <!-- tc123_ChangePasswordTest -->
        <test-method is-config="true" signature="logout()[pri:0, instance:testSuites.ChangePasswordTestSuite@6ed3ccb2]" started-at="2025-04-03T08:39:53 IST" name="logout" finished-at="2025-04-03T08:39:54 IST" duration-ms="652" status="PASS">
          <reporter-output>
          </reporter-output>
        </test-method> <!-- logout -->
        <test-method is-config="true" signature="closeBrowser()[pri:0, instance:testSuites.ChangePasswordTestSuite@6ed3ccb2]" started-at="2025-04-03T08:39:54 IST" name="closeBrowser" finished-at="2025-04-03T08:39:55 IST" duration-ms="1001" status="PASS">
          <reporter-output>
          </reporter-output>
        </test-method> <!-- closeBrowser -->
      </class> <!-- testSuites.ChangePasswordTestSuite -->
    </test> <!-- Test -->
  </suite> <!-- Suite -->
</testng-results>
